<?xml version="1.0" encoding="UTF-8"?>
<robot generator="Robot 7.0 (Python 3.12.2 on darwin)" generated="2024-03-04T16:46:52.979206" rpa="false" schemaversion="5">
<suite id="s1" name="RegisterTestcase" source="/Users/watathiwatlingmail.com/Downloads/automate_workshop/testcases/RegisterTestcase.robot">
<kw name="Open Browser" owner="SeleniumLibrary" type="SETUP">
<msg time="2024-03-04T16:46:53.264861" level="INFO">Opening browser 'chrome' to base url 'https://futureskill.co/'.</msg>
<arg>${baseUrl}</arg>
<arg>chrome</arg>
<doc>Opens a new browser instance to the optional ``url``.</doc>
<status status="PASS" start="2024-03-04T16:46:53.264586" elapsed="4.100047"/>
</kw>
<test id="s1-t1" name="As a user, I want to login success with valid credential" line="11">
<kw name="when user register to future skill platform with ${email} and ${firstName} and ${lastName} and ${phoneNumber} and ${newPassword} and ${confirmPassword}" owner="LoginPageKeywords" source_name="user register to future skill platform with ${email} and ${firstName} and ${lastName} and ${phoneNumber} and ${newPassword} and ${confirmPassword}">
<kw name="Wait until element is ready then click element" owner="CommonKeywords">
<kw name="Wait Until Keyword Succeeds" owner="BuiltIn">
<kw name="Click Element" owner="SeleniumLibrary">
<msg time="2024-03-04T16:46:57.375382" level="INFO">Clicking element 'xpath=//button[text()="สมัครสมาชิก"]'.</msg>
<msg time="2024-03-04T16:46:58.473721" level="INFO" html="true">&lt;/td&gt;&lt;/tr&gt;&lt;tr&gt;&lt;td colspan="3"&gt;&lt;a href="selenium-screenshot-1.png"&gt;&lt;img src="selenium-screenshot-1.png" width="800px"&gt;&lt;/a&gt;</msg>
<msg time="2024-03-04T16:46:58.474959" level="FAIL">Element with locator 'xpath=//button[text()="สมัครสมาชิก"]' not found.</msg>
<arg>${locator}</arg>
<doc>Click the element identified by ``locator``.</doc>
<status status="FAIL" start="2024-03-04T16:46:57.374871" elapsed="1.113141">Element with locator 'xpath=//button[text()="สมัครสมาชิก"]' not found.</status>
</kw>
<kw name="Click Element" owner="SeleniumLibrary">
<msg time="2024-03-04T16:47:01.489536" level="INFO">Clicking element 'xpath=//button[text()="สมัครสมาชิก"]'.</msg>
<arg>${locator}</arg>
<doc>Click the element identified by ``locator``.</doc>
<status status="PASS" start="2024-03-04T16:47:01.488979" elapsed="0.979257"/>
</kw>
<arg>2x</arg>
<arg>3s</arg>
<arg>Click Element</arg>
<arg>${locator}</arg>
<doc>Runs the specified keyword and retries if it fails.</doc>
<status status="PASS" start="2024-03-04T16:46:57.374515" elapsed="5.093827"/>
</kw>
<arg>xpath=//button[text()="สมัครสมาชิก"]</arg>
<status status="PASS" start="2024-03-04T16:46:57.374000" elapsed="5.094447"/>
</kw>
<kw name="Wait until element is ready then input text" owner="CommonKeywords">
<kw name="Wait Until Keyword Succeeds" owner="BuiltIn">
<kw name="Input Text" owner="SeleniumLibrary">
<msg time="2024-03-04T16:47:02.469481" level="INFO">Typing text 'testrobot@gmail.com' into text field 'name=email'.</msg>
<arg>${locator}</arg>
<arg>${text}</arg>
<doc>Types the given ``text`` into the text field identified by ``locator``.</doc>
<status status="PASS" start="2024-03-04T16:47:02.469241" elapsed="0.510923"/>
</kw>
<arg>2x</arg>
<arg>3s</arg>
<arg>Input Text</arg>
<arg>${locator}</arg>
<arg>${text}</arg>
<doc>Runs the specified keyword and retries if it fails.</doc>
<status status="PASS" start="2024-03-04T16:47:02.469013" elapsed="0.511256"/>
</kw>
<arg>name=email</arg>
<arg>${email}</arg>
<status status="PASS" start="2024-03-04T16:47:02.468649" elapsed="0.511705"/>
</kw>
<kw name="Wait until element is ready then input text" owner="CommonKeywords">
<kw name="Wait Until Keyword Succeeds" owner="BuiltIn">
<kw name="Input Text" owner="SeleniumLibrary">
<msg time="2024-03-04T16:47:02.981606" level="INFO">Typing text 'test1' into text field 'name=firstName'.</msg>
<arg>${locator}</arg>
<arg>${text}</arg>
<doc>Types the given ``text`` into the text field identified by ``locator``.</doc>
<status status="PASS" start="2024-03-04T16:47:02.981047" elapsed="0.075638"/>
</kw>
<arg>2x</arg>
<arg>3s</arg>
<arg>Input Text</arg>
<arg>${locator}</arg>
<arg>${text}</arg>
<doc>Runs the specified keyword and retries if it fails.</doc>
<status status="PASS" start="2024-03-04T16:47:02.980851" elapsed="0.075930"/>
</kw>
<arg>name=firstName</arg>
<arg>${firstName}</arg>
<status status="PASS" start="2024-03-04T16:47:02.980534" elapsed="0.076325"/>
</kw>
<kw name="Wait until element is ready then input text" owner="CommonKeywords">
<kw name="Wait Until Keyword Succeeds" owner="BuiltIn">
<kw name="Input Text" owner="SeleniumLibrary">
<msg time="2024-03-04T16:47:03.057761" level="INFO">Typing text 'robot1' into text field 'name=lastName'.</msg>
<arg>${locator}</arg>
<arg>${text}</arg>
<doc>Types the given ``text`` into the text field identified by ``locator``.</doc>
<status status="PASS" start="2024-03-04T16:47:03.057573" elapsed="0.060375"/>
</kw>
<arg>2x</arg>
<arg>3s</arg>
<arg>Input Text</arg>
<arg>${locator}</arg>
<arg>${text}</arg>
<doc>Runs the specified keyword and retries if it fails.</doc>
<status status="PASS" start="2024-03-04T16:47:03.057371" elapsed="0.060758"/>
</kw>
<arg>name=lastName</arg>
<arg>${lastName}</arg>
<status status="PASS" start="2024-03-04T16:47:03.057034" elapsed="0.061343"/>
</kw>
<kw name="Wait until element is ready then input text" owner="CommonKeywords">
<kw name="Wait Until Keyword Succeeds" owner="BuiltIn">
<kw name="Input Text" owner="SeleniumLibrary">
<msg time="2024-03-04T16:47:03.119663" level="INFO">Typing text '0811111111' into text field 'name=phoneNumber'.</msg>
<arg>${locator}</arg>
<arg>${text}</arg>
<doc>Types the given ``text`` into the text field identified by ``locator``.</doc>
<status status="PASS" start="2024-03-04T16:47:03.119385" elapsed="0.068689"/>
</kw>
<arg>2x</arg>
<arg>3s</arg>
<arg>Input Text</arg>
<arg>${locator}</arg>
<arg>${text}</arg>
<doc>Runs the specified keyword and retries if it fails.</doc>
<status status="PASS" start="2024-03-04T16:47:03.119124" elapsed="0.069069"/>
</kw>
<arg>name=phoneNumber</arg>
<arg>${phoneNumber}</arg>
<status status="PASS" start="2024-03-04T16:47:03.118683" elapsed="0.069607"/>
</kw>
<kw name="Wait until element is ready then input text" owner="CommonKeywords">
<kw name="Wait Until Keyword Succeeds" owner="BuiltIn">
<kw name="Input Text" owner="SeleniumLibrary">
<msg time="2024-03-04T16:47:03.189367" level="INFO">Typing text 'Abcdefg1' into text field 'name=newPassword'.</msg>
<arg>${locator}</arg>
<arg>${text}</arg>
<doc>Types the given ``text`` into the text field identified by ``locator``.</doc>
<status status="PASS" start="2024-03-04T16:47:03.189167" elapsed="0.082219"/>
</kw>
<arg>2x</arg>
<arg>3s</arg>
<arg>Input Text</arg>
<arg>${locator}</arg>
<arg>${text}</arg>
<doc>Runs the specified keyword and retries if it fails.</doc>
<status status="PASS" start="2024-03-04T16:47:03.188978" elapsed="0.082550"/>
</kw>
<arg>name=newPassword</arg>
<arg>${newPassword}</arg>
<status status="PASS" start="2024-03-04T16:47:03.188574" elapsed="0.083054"/>
</kw>
<kw name="Wait until element is ready then input text" owner="CommonKeywords">
<kw name="Wait Until Keyword Succeeds" owner="BuiltIn">
<kw name="Input Text" owner="SeleniumLibrary">
<msg time="2024-03-04T16:47:03.272567" level="INFO">Typing text 'Abcdefg1' into text field 'name=confirmPassword'.</msg>
<arg>${locator}</arg>
<arg>${text}</arg>
<doc>Types the given ``text`` into the text field identified by ``locator``.</doc>
<status status="PASS" start="2024-03-04T16:47:03.272310" elapsed="0.059525"/>
</kw>
<arg>2x</arg>
<arg>3s</arg>
<arg>Input Text</arg>
<arg>${locator}</arg>
<arg>${text}</arg>
<doc>Runs the specified keyword and retries if it fails.</doc>
<status status="PASS" start="2024-03-04T16:47:03.272114" elapsed="0.059820"/>
</kw>
<arg>name=confirmPassword</arg>
<arg>${confirmPassword}</arg>
<status status="PASS" start="2024-03-04T16:47:03.271804" elapsed="0.060213"/>
</kw>
<kw name="Wait until element is ready then click element" owner="CommonKeywords">
<kw name="Wait Until Keyword Succeeds" owner="BuiltIn">
<kw name="Click Element" owner="SeleniumLibrary">
<msg time="2024-03-04T16:47:03.332937" level="INFO">Clicking element 'xpath=//input[@type="checkbox" and @name="consent"]'.</msg>
<arg>${locator}</arg>
<doc>Click the element identified by ``locator``.</doc>
<status status="PASS" start="2024-03-04T16:47:03.332756" elapsed="0.082339"/>
</kw>
<arg>2x</arg>
<arg>3s</arg>
<arg>Click Element</arg>
<arg>${locator}</arg>
<doc>Runs the specified keyword and retries if it fails.</doc>
<status status="PASS" start="2024-03-04T16:47:03.332468" elapsed="0.082742"/>
</kw>
<arg>xpath=//input[@type="checkbox" and @name="consent"]</arg>
<status status="PASS" start="2024-03-04T16:47:03.332192" elapsed="0.083096"/>
</kw>
<kw name="Wait until element is ready then click element" owner="CommonKeywords">
<kw name="Wait Until Keyword Succeeds" owner="BuiltIn">
<kw name="Click Element" owner="SeleniumLibrary">
<msg time="2024-03-04T16:47:03.416225" level="INFO">Clicking element 'xpath=//button[@type="submit" and text()="สมัครสมาชิก"]'.</msg>
<arg>${locator}</arg>
<doc>Click the element identified by ``locator``.</doc>
<status status="PASS" start="2024-03-04T16:47:03.416039" elapsed="0.097411"/>
</kw>
<arg>2x</arg>
<arg>3s</arg>
<arg>Click Element</arg>
<arg>${locator}</arg>
<doc>Runs the specified keyword and retries if it fails.</doc>
<status status="PASS" start="2024-03-04T16:47:03.415848" elapsed="0.097777"/>
</kw>
<arg>xpath=//button[@type="submit" and text()="สมัครสมาชิก"]</arg>
<status status="PASS" start="2024-03-04T16:47:03.415466" elapsed="0.098289"/>
</kw>
<status status="PASS" start="2024-03-04T16:46:57.372830" elapsed="6.141026"/>
</kw>
<kw name="Then future skill should display home page and display message as &quot;OTP&quot;" owner="HomePageKeywords" source_name="future skill should display home page and display message as &quot;${expected_message}&quot;">
<kw name="Wait until page contains element then verify text" owner="CommonKeywords">
<kw name="Wait Until Keyword Succeeds" owner="BuiltIn">
<kw name="Page Should Contain" owner="SeleniumLibrary">
<msg time="2024-03-04T16:47:04.061234" level="INFO" html="true">&lt;/td&gt;&lt;/tr&gt;&lt;tr&gt;&lt;td colspan="3"&gt;&lt;a href="selenium-screenshot-2.png"&gt;&lt;img src="selenium-screenshot-2.png" width="800px"&gt;&lt;/a&gt;</msg>
<msg time="2024-03-04T16:47:04.061382" level="FAIL">Page should have contained text 'OTP' but did not.</msg>
<arg>${expected_text}</arg>
<doc>Verifies that current page contains ``text``.</doc>
<status status="FAIL" start="2024-03-04T16:47:03.515578" elapsed="0.546141">Page should have contained text 'OTP' but did not.</status>
</kw>
<kw name="Page Should Contain" owner="SeleniumLibrary">
<msg time="2024-03-04T16:47:07.075333" level="INFO">Current page contains text 'OTP'.</msg>
<arg>${expected_text}</arg>
<doc>Verifies that current page contains ``text``.</doc>
<status status="PASS" start="2024-03-04T16:47:07.062386" elapsed="0.013057"/>
</kw>
<arg>2x</arg>
<arg>3s</arg>
<arg>Page Should Contain</arg>
<arg>${expected_text}</arg>
<doc>Runs the specified keyword and retries if it fails.</doc>
<status status="PASS" start="2024-03-04T16:47:03.515317" elapsed="3.560220"/>
</kw>
<arg>${expected_message}</arg>
<status status="PASS" start="2024-03-04T16:47:03.514818" elapsed="3.560810"/>
</kw>
<status status="PASS" start="2024-03-04T16:47:03.514347" elapsed="3.561353"/>
</kw>
<status status="PASS" start="2024-03-04T16:46:57.371254" elapsed="9.704666"/>
</test>
<status status="PASS" start="2024-03-04T16:46:52.983840" elapsed="14.092785"/>
</suite>
<statistics>
<total>
<stat pass="1" fail="0" skip="0">All Tests</stat>
</total>
<tag>
</tag>
<suite>
<stat pass="1" fail="0" skip="0" id="s1" name="RegisterTestcase">RegisterTestcase</stat>
</suite>
</statistics>
<errors>
</errors>
</robot>
